2025-07-11 09:23:17,064 INFO notifyConnectTimeout:100

2025-07-11 09:23:17,067 INFO notifySocketTimeout:200

2025-07-11 09:23:17,067 INFO isHealthCheck:true

2025-07-11 09:23:17,068 INFO maxHealthCheckFailCount:12

2025-07-11 09:23:17,068 INFO maxContent:10485760

2025-07-11 09:23:20,628 INFO use local db service for init

2025-07-11 09:23:21,390 WARN Lexical error at line 4, column 66.  Encountered: <EOF> after : "".

2025-07-11 09:23:21,393 WARN Syntax error: Encountered "*" at line 1, column 1.

2025-07-11 09:23:21,755 WARN Lexical error at line 4, column 13.  Encountered: "`" (96), after : "".

2025-07-11 09:23:21,756 WARN Lexical error at line 1, column 13.  Encountered: "`" (96), after : "".

2025-07-11 09:23:21,756 WARN Lexical error at line 1, column 13.  Encountered: "`" (96), after : "".

2025-07-11 09:23:21,756 WARN Lexical error at line 1, column 13.  Encountered: "`" (96), after : "".

2025-07-11 09:23:21,756 INFO use StandaloneDatabaseOperateImpl

2025-07-11 09:23:22,225 WARN DumpService start

2025-07-11 09:23:22,225 INFO start clear all config-info.

2025-07-11 09:23:22,226 WARN clear all config-info failed.

2025-07-11 09:23:22,226 WARN clear all config-info-tenant failed.

2025-07-11 09:23:22,276 INFO start clear all config-info-beta.

2025-07-11 09:23:22,276 WARN clear all config-info-beta failed.

2025-07-11 09:23:22,276 WARN clear all config-info-beta-tenant failed.

2025-07-11 09:23:22,288 INFO start clear all config-info-tag.

2025-07-11 09:23:22,288 WARN clear all config-info-tag failed.

2025-07-11 09:23:22,288 WARN clear all config-info-tag-tenant failed.

2025-07-11 10:25:26,503 INFO notifyConnectTimeout:100

2025-07-11 10:25:26,506 INFO notifySocketTimeout:200

2025-07-11 10:25:26,506 INFO isHealthCheck:true

2025-07-11 10:25:26,506 INFO maxHealthCheckFailCount:12

2025-07-11 10:25:26,506 INFO maxContent:10485760

2025-07-11 10:25:29,065 INFO use local db service for init

2025-07-11 10:25:29,593 WARN Lexical error at line 4, column 66.  Encountered: <EOF> after : "".

2025-07-11 10:25:29,595 WARN Syntax error: Encountered "*" at line 1, column 1.

2025-07-11 10:25:29,872 WARN Lexical error at line 4, column 13.  Encountered: "`" (96), after : "".

2025-07-11 10:25:29,872 WARN Lexical error at line 1, column 13.  Encountered: "`" (96), after : "".

2025-07-11 10:25:29,873 WARN Lexical error at line 1, column 13.  Encountered: "`" (96), after : "".

2025-07-11 10:25:29,873 WARN Lexical error at line 1, column 13.  Encountered: "`" (96), after : "".

2025-07-11 10:25:29,873 INFO use StandaloneDatabaseOperateImpl

2025-07-11 10:25:30,237 WARN DumpService start

2025-07-11 10:25:30,237 INFO start clear all config-info.

2025-07-11 10:25:30,238 WARN clear all config-info failed.

2025-07-11 10:25:30,238 WARN clear all config-info-tenant failed.

2025-07-11 10:25:30,268 INFO start clear all config-info-beta.

2025-07-11 10:25:30,268 WARN clear all config-info-beta failed.

2025-07-11 10:25:30,268 WARN clear all config-info-beta-tenant failed.

2025-07-11 10:25:30,277 INFO start clear all config-info-tag.

2025-07-11 10:25:30,277 WARN clear all config-info-tag failed.

2025-07-11 10:25:30,277 WARN clear all config-info-tag-tenant failed.

