2025-07-11 09:23:23,305 INFO Initializes the Raft protocol, raft-config info : {}

2025-07-11 09:23:23,508 INFO ========= The raft protocol is starting... =========

2025-07-11 09:23:23,537 INFO ========= The raft protocol start finished... =========

2025-07-11 09:23:23,551 INFO create raft group : naming_persistent_service_v2

2025-07-11 09:23:23,875 INFO create raft group : naming_instance_metadata

2025-07-11 09:23:23,880 INFO This Raft event changes : RaftEvent{groupId='naming_persistent_service_v2', leader='59a12dd48830:7848', term=1, raftClusterInfo=[59a12dd48830:7848]}

2025-07-11 09:23:23,971 INFO This Raft event changes : RaftEvent{groupId='naming_instance_metadata', leader='59a12dd48830:7848', term=1, raftClusterInfo=[59a12dd48830:7848]}

2025-07-11 09:23:23,973 INFO create raft group : naming_service_metadata

2025-07-11 09:23:24,015 INFO This Raft event changes : RaftEvent{groupId='naming_service_metadata', leader='59a12dd48830:7848', term=1, raftClusterInfo=[59a12dd48830:7848]}

2025-07-11 10:25:22,062 INFO shutdown jraft server

2025-07-11 10:25:22,064 INFO ========= The raft protocol is starting to close =========

2025-07-11 10:25:22,150 INFO ========= The raft protocol has been closed =========

2025-07-11 10:25:30,881 INFO Initializes the Raft protocol, raft-config info : {}

2025-07-11 10:25:30,986 INFO ========= The raft protocol is starting... =========

2025-07-11 10:25:31,007 INFO ========= The raft protocol start finished... =========

2025-07-11 10:25:31,020 INFO create raft group : naming_persistent_service_v2

2025-07-11 10:25:31,247 INFO create raft group : naming_instance_metadata

2025-07-11 10:25:31,256 INFO This Raft event changes : RaftEvent{groupId='naming_persistent_service_v2', leader='f486e9005fd9:7848', term=1, raftClusterInfo=[f486e9005fd9:7848]}

2025-07-11 10:25:31,353 INFO This Raft event changes : RaftEvent{groupId='naming_instance_metadata', leader='f486e9005fd9:7848', term=1, raftClusterInfo=[f486e9005fd9:7848]}

2025-07-11 10:25:31,355 INFO create raft group : naming_service_metadata

2025-07-11 10:25:31,385 INFO This Raft event changes : RaftEvent{groupId='naming_service_metadata', leader='f486e9005fd9:7848', term=1, raftClusterInfo=[f486e9005fd9:7848]}

