2025-07-11 09:23:20,459 INFO [ClientConnectionEventListenerRegistry] registry listener - ConnectionBasedClientManager

2025-07-11 09:23:22,454 INFO [ClientConnectionEventListenerRegistry] registry listener - ConfigConnectionEventListener

2025-07-11 09:23:22,684 INFO [ClientConnectionEventListenerRegistry] registry listener - RpcAckCallbackInitorOrCleaner

2025-07-11 09:23:22,749 INFO Nacos GrpcSdkServer Rpc server starting at port 9848 and tls config:{"sslProvider":"","enableTls":false,"mutualAuthEnable":false,"trustAll":false,"compatibility":true}

2025-07-11 09:23:22,932 WARN Recommended use 'nacos.remote.server.grpc.sdk.max-inbound-message-size' property instead 'nacos.remote.server.grpc.maxinbound.message.size', now property value is 10485760

2025-07-11 09:23:23,239 INFO Nacos GrpcSdkServer Rpc server started at port 9848 and tls config:{"sslProvider":"","enableTls":false,"mutualAuthEnable":false,"trustAll":false,"compatibility":true}

2025-07-11 09:23:23,242 INFO Nacos GrpcClusterServer Rpc server starting at port 9849 and tls config:{"sslProvider":"","enableTls":false,"mutualAuthEnable":false,"trustAll":false,"compatibility":true}

2025-07-11 09:23:23,242 WARN Recommended use 'nacos.remote.server.grpc.cluster.max-inbound-message-size' property instead 'nacos.remote.server.grpc.maxinbound.message.size', now property value is 10485760

2025-07-11 09:23:23,245 INFO Nacos GrpcClusterServer Rpc server started at port 9849 and tls config:{"sslProvider":"","enableTls":false,"mutualAuthEnable":false,"trustAll":false,"compatibility":true}

2025-07-11 10:25:21,244 INFO Nacos GrpcClusterServer Rpc server stopping

2025-07-11 10:25:21,244 INFO Nacos GrpcSdkServer Rpc server stopping

2025-07-11 10:25:21,348 INFO Nacos GrpcClusterServer Rpc server stopped successfully...

2025-07-11 10:25:21,348 INFO Nacos GrpcSdkServer Rpc server stopped successfully...

2025-07-11 10:25:28,951 INFO [ClientConnectionEventListenerRegistry] registry listener - ConnectionBasedClientManager

2025-07-11 10:25:30,384 INFO [ClientConnectionEventListenerRegistry] registry listener - ConfigConnectionEventListener

2025-07-11 10:25:30,546 INFO [ClientConnectionEventListenerRegistry] registry listener - RpcAckCallbackInitorOrCleaner

2025-07-11 10:25:30,586 INFO Nacos GrpcSdkServer Rpc server starting at port 9848 and tls config:{"sslProvider":"","enableTls":false,"mutualAuthEnable":false,"trustAll":false,"compatibility":true}

2025-07-11 10:25:30,692 WARN Recommended use 'nacos.remote.server.grpc.sdk.max-inbound-message-size' property instead 'nacos.remote.server.grpc.maxinbound.message.size', now property value is 10485760

2025-07-11 10:25:30,835 INFO Nacos GrpcSdkServer Rpc server started at port 9848 and tls config:{"sslProvider":"","enableTls":false,"mutualAuthEnable":false,"trustAll":false,"compatibility":true}

2025-07-11 10:25:30,837 INFO Nacos GrpcClusterServer Rpc server starting at port 9849 and tls config:{"sslProvider":"","enableTls":false,"mutualAuthEnable":false,"trustAll":false,"compatibility":true}

2025-07-11 10:25:30,838 WARN Recommended use 'nacos.remote.server.grpc.cluster.max-inbound-message-size' property instead 'nacos.remote.server.grpc.maxinbound.message.size', now property value is 10485760

2025-07-11 10:25:30,841 INFO Nacos GrpcClusterServer Rpc server started at port 9849 and tls config:{"sslProvider":"","enableTls":false,"mutualAuthEnable":false,"trustAll":false,"compatibility":true}

